2015/08/14 05:35:03 [error] [php] Array to string conversion (C:\xamppnew\htdocs\fb_activities\protected\views\pageactivities\feed_display.php:37)
Stack trace:
#0 C:\xamppnew\htdocs\fb_activities\framework\web\CController.php(869): PageactivitiesController->renderFile()
#1 C:\xamppnew\htdocs\fb_activities\framework\web\CController.php(782): PageactivitiesController->renderPartial()
#2 C:\xamppnew\htdocs\fb_activities\protected\controllers\PageactivitiesController.php(106): PageactivitiesController->render()
#3 C:\xamppnew\htdocs\fb_activities\framework\web\actions\CInlineAction.php(49): PageactivitiesController->actionProcessPost()
#4 C:\xamppnew\htdocs\fb_activities\framework\web\CController.php(308): CInlineAction->runWithParams()
#5 C:\xamppnew\htdocs\fb_activities\framework\web\CController.php(286): PageactivitiesController->runAction()
#6 C:\xamppnew\htdocs\fb_activities\framework\web\CController.php(265): PageactivitiesController->runActionWithFilters()
#7 C:\xamppnew\htdocs\fb_activities\framework\web\CWebApplication.php(282): PageactivitiesController->run()
#8 C:\xamppnew\htdocs\fb_activities\framework\web\CWebApplication.php(141): CWebApplication->runController()
#9 C:\xamppnew\htdocs\fb_activities\framework\base\CApplication.php(184): CWebApplication->processRequest()
#10 C:\xamppnew\htdocs\fb_activities\index.php(11): CWebApplication->run()
REQUEST_URI=/fb_activities/pageactivities/processpost
2015/08/14 05:35:22 [error] [php] Array to string conversion (C:\xamppnew\htdocs\fb_activities\protected\views\pageactivities\feed_display.php:37)
Stack trace:
#0 C:\xamppnew\htdocs\fb_activities\framework\web\CController.php(869): PageactivitiesController->renderFile()
#1 C:\xamppnew\htdocs\fb_activities\framework\web\CController.php(782): PageactivitiesController->renderPartial()
#2 C:\xamppnew\htdocs\fb_activities\protected\controllers\PageactivitiesController.php(106): PageactivitiesController->render()
#3 C:\xamppnew\htdocs\fb_activities\framework\web\actions\CInlineAction.php(49): PageactivitiesController->actionProcessPost()
#4 C:\xamppnew\htdocs\fb_activities\framework\web\CController.php(308): CInlineAction->runWithParams()
#5 C:\xamppnew\htdocs\fb_activities\framework\web\CController.php(286): PageactivitiesController->runAction()
#6 C:\xamppnew\htdocs\fb_activities\framework\web\CController.php(265): PageactivitiesController->runActionWithFilters()
#7 C:\xamppnew\htdocs\fb_activities\framework\web\CWebApplication.php(282): PageactivitiesController->run()
#8 C:\xamppnew\htdocs\fb_activities\framework\web\CWebApplication.php(141): CWebApplication->runController()
#9 C:\xamppnew\htdocs\fb_activities\framework\base\CApplication.php(184): CWebApplication->processRequest()
#10 C:\xamppnew\htdocs\fb_activities\index.php(11): CWebApplication->run()
REQUEST_URI=/fb_activities/pageactivities/processpost
2015/08/14 05:36:16 [error] [php] Array to string conversion (C:\xamppnew\htdocs\fb_activities\protected\views\pageactivities\feed_display.php:37)
Stack trace:
#0 C:\xamppnew\htdocs\fb_activities\framework\web\CController.php(869): PageactivitiesController->renderFile()
#1 C:\xamppnew\htdocs\fb_activities\framework\web\CController.php(782): PageactivitiesController->renderPartial()
#2 C:\xamppnew\htdocs\fb_activities\protected\controllers\PageactivitiesController.php(106): PageactivitiesController->render()
#3 C:\xamppnew\htdocs\fb_activities\framework\web\actions\CInlineAction.php(49): PageactivitiesController->actionProcessPost()
#4 C:\xamppnew\htdocs\fb_activities\framework\web\CController.php(308): CInlineAction->runWithParams()
#5 C:\xamppnew\htdocs\fb_activities\framework\web\CController.php(286): PageactivitiesController->runAction()
#6 C:\xamppnew\htdocs\fb_activities\framework\web\CController.php(265): PageactivitiesController->runActionWithFilters()
#7 C:\xamppnew\htdocs\fb_activities\framework\web\CWebApplication.php(282): PageactivitiesController->run()
#8 C:\xamppnew\htdocs\fb_activities\framework\web\CWebApplication.php(141): CWebApplication->runController()
#9 C:\xamppnew\htdocs\fb_activities\framework\base\CApplication.php(184): CWebApplication->processRequest()
#10 C:\xamppnew\htdocs\fb_activities\index.php(11): CWebApplication->run()
REQUEST_URI=/fb_activities/pageactivities/processpost
2015/08/14 05:44:17 [error] [php] Array to string conversion (C:\xamppnew\htdocs\fb_activities\protected\views\pageactivities\feed_display.php:37)
Stack trace:
#0 C:\xamppnew\htdocs\fb_activities\framework\web\CController.php(869): PageactivitiesController->renderFile()
#1 C:\xamppnew\htdocs\fb_activities\framework\web\CController.php(782): PageactivitiesController->renderPartial()
#2 C:\xamppnew\htdocs\fb_activities\protected\controllers\PageactivitiesController.php(106): PageactivitiesController->render()
#3 C:\xamppnew\htdocs\fb_activities\framework\web\actions\CInlineAction.php(49): PageactivitiesController->actionProcessPost()
#4 C:\xamppnew\htdocs\fb_activities\framework\web\CController.php(308): CInlineAction->runWithParams()
#5 C:\xamppnew\htdocs\fb_activities\framework\web\CController.php(286): PageactivitiesController->runAction()
#6 C:\xamppnew\htdocs\fb_activities\framework\web\CController.php(265): PageactivitiesController->runActionWithFilters()
#7 C:\xamppnew\htdocs\fb_activities\framework\web\CWebApplication.php(282): PageactivitiesController->run()
#8 C:\xamppnew\htdocs\fb_activities\framework\web\CWebApplication.php(141): CWebApplication->runController()
#9 C:\xamppnew\htdocs\fb_activities\framework\base\CApplication.php(184): CWebApplication->processRequest()
#10 C:\xamppnew\htdocs\fb_activities\index.php(11): CWebApplication->run()
REQUEST_URI=/fb_activities/pageactivities/processpost
2015/08/14 05:47:31 [error] [php] Array to string conversion (C:\xamppnew\htdocs\fb_activities\protected\views\pageactivities\feed_display.php:37)
Stack trace:
#0 C:\xamppnew\htdocs\fb_activities\framework\web\CController.php(869): PageactivitiesController->renderFile()
#1 C:\xamppnew\htdocs\fb_activities\framework\web\CController.php(782): PageactivitiesController->renderPartial()
#2 C:\xamppnew\htdocs\fb_activities\protected\controllers\PageactivitiesController.php(106): PageactivitiesController->render()
#3 C:\xamppnew\htdocs\fb_activities\framework\web\actions\CInlineAction.php(49): PageactivitiesController->actionProcessPost()
#4 C:\xamppnew\htdocs\fb_activities\framework\web\CController.php(308): CInlineAction->runWithParams()
#5 C:\xamppnew\htdocs\fb_activities\framework\web\CController.php(286): PageactivitiesController->runAction()
#6 C:\xamppnew\htdocs\fb_activities\framework\web\CController.php(265): PageactivitiesController->runActionWithFilters()
#7 C:\xamppnew\htdocs\fb_activities\framework\web\CWebApplication.php(282): PageactivitiesController->run()
#8 C:\xamppnew\htdocs\fb_activities\framework\web\CWebApplication.php(141): CWebApplication->runController()
#9 C:\xamppnew\htdocs\fb_activities\framework\base\CApplication.php(184): CWebApplication->processRequest()
#10 C:\xamppnew\htdocs\fb_activities\index.php(11): CWebApplication->run()
REQUEST_URI=/fb_activities/pageactivities/processpost
2015/08/14 09:44:23 [error] [php] Array to string conversion (C:\xamppnew\htdocs\fb_activities\protected\views\pageactivities\feed_display.php:37)
Stack trace:
#0 C:\xamppnew\htdocs\fb_activities\framework\web\CController.php(869): PageactivitiesController->renderFile()
#1 C:\xamppnew\htdocs\fb_activities\framework\web\CController.php(782): PageactivitiesController->renderPartial()
#2 C:\xamppnew\htdocs\fb_activities\protected\controllers\PageactivitiesController.php(116): PageactivitiesController->render()
#3 C:\xamppnew\htdocs\fb_activities\framework\web\actions\CInlineAction.php(49): PageactivitiesController->actionProcessPost()
#4 C:\xamppnew\htdocs\fb_activities\framework\web\CController.php(308): CInlineAction->runWithParams()
#5 C:\xamppnew\htdocs\fb_activities\framework\web\CController.php(286): PageactivitiesController->runAction()
#6 C:\xamppnew\htdocs\fb_activities\framework\web\CController.php(265): PageactivitiesController->runActionWithFilters()
#7 C:\xamppnew\htdocs\fb_activities\framework\web\CWebApplication.php(282): PageactivitiesController->run()
#8 C:\xamppnew\htdocs\fb_activities\framework\web\CWebApplication.php(141): CWebApplication->runController()
#9 C:\xamppnew\htdocs\fb_activities\framework\base\CApplication.php(184): CWebApplication->processRequest()
#10 C:\xamppnew\htdocs\fb_activities\index.php(11): CWebApplication->run()
REQUEST_URI=/fb_activities/pageactivities/processpost
2015/08/14 13:25:53 [error] [php] Array to string conversion (C:\xamppnew\htdocs\fb_activities\protected\views\pageactivities\feed_display.php:37)
Stack trace:
#0 C:\xamppnew\htdocs\fb_activities\framework\web\CController.php(869): PageactivitiesController->renderFile()
#1 C:\xamppnew\htdocs\fb_activities\framework\web\CController.php(782): PageactivitiesController->renderPartial()
#2 C:\xamppnew\htdocs\fb_activities\protected\controllers\PageactivitiesController.php(115): PageactivitiesController->render()
#3 C:\xamppnew\htdocs\fb_activities\framework\web\actions\CInlineAction.php(49): PageactivitiesController->actionProcessPost()
#4 C:\xamppnew\htdocs\fb_activities\framework\web\CController.php(308): CInlineAction->runWithParams()
#5 C:\xamppnew\htdocs\fb_activities\framework\web\CController.php(286): PageactivitiesController->runAction()
#6 C:\xamppnew\htdocs\fb_activities\framework\web\CController.php(265): PageactivitiesController->runActionWithFilters()
#7 C:\xamppnew\htdocs\fb_activities\framework\web\CWebApplication.php(282): PageactivitiesController->run()
#8 C:\xamppnew\htdocs\fb_activities\framework\web\CWebApplication.php(141): CWebApplication->runController()
#9 C:\xamppnew\htdocs\fb_activities\framework\base\CApplication.php(184): CWebApplication->processRequest()
#10 C:\xamppnew\htdocs\fb_activities\index.php(11): CWebApplication->run()
REQUEST_URI=/fb_activities/pageactivities/processpost
2015/08/14 13:26:17 [error] [php] Array to string conversion (C:\xamppnew\htdocs\fb_activities\protected\views\pageactivities\feed_display.php:37)
Stack trace:
#0 C:\xamppnew\htdocs\fb_activities\framework\web\CController.php(869): PageactivitiesController->renderFile()
#1 C:\xamppnew\htdocs\fb_activities\framework\web\CController.php(782): PageactivitiesController->renderPartial()
#2 C:\xamppnew\htdocs\fb_activities\protected\controllers\PageactivitiesController.php(115): PageactivitiesController->render()
#3 C:\xamppnew\htdocs\fb_activities\framework\web\actions\CInlineAction.php(49): PageactivitiesController->actionProcessPost()
#4 C:\xamppnew\htdocs\fb_activities\framework\web\CController.php(308): CInlineAction->runWithParams()
#5 C:\xamppnew\htdocs\fb_activities\framework\web\CController.php(286): PageactivitiesController->runAction()
#6 C:\xamppnew\htdocs\fb_activities\framework\web\CController.php(265): PageactivitiesController->runActionWithFilters()
#7 C:\xamppnew\htdocs\fb_activities\framework\web\CWebApplication.php(282): PageactivitiesController->run()
#8 C:\xamppnew\htdocs\fb_activities\framework\web\CWebApplication.php(141): CWebApplication->runController()
#9 C:\xamppnew\htdocs\fb_activities\framework\base\CApplication.php(184): CWebApplication->processRequest()
#10 C:\xamppnew\htdocs\fb_activities\index.php(11): CWebApplication->run()
REQUEST_URI=/fb_activities/pageactivities/processpost
2015/08/14 15:42:23 [error] [php] include(C:\xamppnew\htdocs\fb_activities\protected\extensions\library\ECSVExport.php): failed to open stream: No such file or directory (C:\xamppnew\htdocs\fb_activities\framework\YiiBase.php:404)
Stack trace:
#0 C:\xamppnew\htdocs\fb_activities\protected\controllers\PageactivitiesController.php(34): spl_autoload_call()
#1 unknown(0): PageactivitiesController->actionExptFeed()
#2 C:\xamppnew\htdocs\fb_activities\framework\web\actions\CAction.php(109): ReflectionMethod->invokeArgs()
#3 C:\xamppnew\htdocs\fb_activities\framework\web\actions\CInlineAction.php(47): CInlineAction->runWithParamsInternal()
#4 C:\xamppnew\htdocs\fb_activities\framework\web\CController.php(308): CInlineAction->runWithParams()
#5 C:\xamppnew\htdocs\fb_activities\framework\web\CController.php(286): PageactivitiesController->runAction()
#6 C:\xamppnew\htdocs\fb_activities\framework\web\CController.php(265): PageactivitiesController->runActionWithFilters()
#7 C:\xamppnew\htdocs\fb_activities\framework\web\CWebApplication.php(282): PageactivitiesController->run()
#8 C:\xamppnew\htdocs\fb_activities\framework\web\CWebApplication.php(141): CWebApplication->runController()
#9 C:\xamppnew\htdocs\fb_activities\framework\base\CApplication.php(184): CWebApplication->processRequest()
#10 C:\xamppnew\htdocs\fb_activities\index.php(11): CWebApplication->run()
REQUEST_URI=/fb_activities/pageactivities/exptfeed/page_id/268274013300950
2015/08/14 15:44:55 [error] [php] include(C:\xamppnew\htdocs\fb_activities\protected\extensions\library\ECSVExport.php): failed to open stream: No such file or directory (C:\xamppnew\htdocs\fb_activities\framework\YiiBase.php:404)
Stack trace:
#0 C:\xamppnew\htdocs\fb_activities\protected\controllers\PageactivitiesController.php(35): spl_autoload_call()
#1 unknown(0): PageactivitiesController->actionExptFeed()
#2 C:\xamppnew\htdocs\fb_activities\framework\web\actions\CAction.php(109): ReflectionMethod->invokeArgs()
#3 C:\xamppnew\htdocs\fb_activities\framework\web\actions\CInlineAction.php(47): CInlineAction->runWithParamsInternal()
#4 C:\xamppnew\htdocs\fb_activities\framework\web\CController.php(308): CInlineAction->runWithParams()
#5 C:\xamppnew\htdocs\fb_activities\framework\web\CController.php(286): PageactivitiesController->runAction()
#6 C:\xamppnew\htdocs\fb_activities\framework\web\CController.php(265): PageactivitiesController->runActionWithFilters()
#7 C:\xamppnew\htdocs\fb_activities\framework\web\CWebApplication.php(282): PageactivitiesController->run()
#8 C:\xamppnew\htdocs\fb_activities\framework\web\CWebApplication.php(141): CWebApplication->runController()
#9 C:\xamppnew\htdocs\fb_activities\framework\base\CApplication.php(184): CWebApplication->processRequest()
#10 C:\xamppnew\htdocs\fb_activities\index.php(11): CWebApplication->run()
REQUEST_URI=/fb_activities/pageactivities/exptfeed/page_id/268274013300950
2015/08/14 16:55:11 [error] [php] Undefined variable: filename (C:\xamppnew\htdocs\fb_activities\protected\controllers\PageactivitiesController.php:43)
Stack trace:
#0 C:\xamppnew\htdocs\fb_activities\framework\web\actions\CInlineAction.php(47): CInlineAction->runWithParamsInternal()
#1 C:\xamppnew\htdocs\fb_activities\framework\web\CController.php(308): CInlineAction->runWithParams()
#2 C:\xamppnew\htdocs\fb_activities\framework\web\CController.php(286): PageactivitiesController->runAction()
#3 C:\xamppnew\htdocs\fb_activities\framework\web\CController.php(265): PageactivitiesController->runActionWithFilters()
#4 C:\xamppnew\htdocs\fb_activities\framework\web\CWebApplication.php(282): PageactivitiesController->run()
#5 C:\xamppnew\htdocs\fb_activities\framework\web\CWebApplication.php(141): CWebApplication->runController()
#6 C:\xamppnew\htdocs\fb_activities\framework\base\CApplication.php(184): CWebApplication->processRequest()
#7 C:\xamppnew\htdocs\fb_activities\index.php(11): CWebApplication->run()
REQUEST_URI=/fb_activities/pageactivities/exptfeed/page_id/143718759008710
2015/08/14 16:55:46 [error] [php] Undefined variable: filename (C:\xamppnew\htdocs\fb_activities\protected\controllers\PageactivitiesController.php:68)
Stack trace:
#0 C:\xamppnew\htdocs\fb_activities\framework\web\actions\CInlineAction.php(47): CInlineAction->runWithParamsInternal()
#1 C:\xamppnew\htdocs\fb_activities\framework\web\CController.php(308): CInlineAction->runWithParams()
#2 C:\xamppnew\htdocs\fb_activities\framework\web\CController.php(286): PageactivitiesController->runAction()
#3 C:\xamppnew\htdocs\fb_activities\framework\web\CController.php(265): PageactivitiesController->runActionWithFilters()
#4 C:\xamppnew\htdocs\fb_activities\framework\web\CWebApplication.php(282): PageactivitiesController->run()
#5 C:\xamppnew\htdocs\fb_activities\framework\web\CWebApplication.php(141): CWebApplication->runController()
#6 C:\xamppnew\htdocs\fb_activities\framework\base\CApplication.php(184): CWebApplication->processRequest()
#7 C:\xamppnew\htdocs\fb_activities\index.php(11): CWebApplication->run()
REQUEST_URI=/fb_activities/pageactivities/exptcomments/page_id/143718759008710
2015/08/14 16:55:51 [error] [php] Invalid argument supplied for foreach() (C:\xamppnew\htdocs\fb_activities\protected\controllers\PageactivitiesController.php:79)
Stack trace:
#0 C:\xamppnew\htdocs\fb_activities\framework\web\actions\CInlineAction.php(47): CInlineAction->runWithParamsInternal()
#1 C:\xamppnew\htdocs\fb_activities\framework\web\CController.php(308): CInlineAction->runWithParams()
#2 C:\xamppnew\htdocs\fb_activities\framework\web\CController.php(286): PageactivitiesController->runAction()
#3 C:\xamppnew\htdocs\fb_activities\framework\web\CController.php(265): PageactivitiesController->runActionWithFilters()
#4 C:\xamppnew\htdocs\fb_activities\framework\web\CWebApplication.php(282): PageactivitiesController->run()
#5 C:\xamppnew\htdocs\fb_activities\framework\web\CWebApplication.php(141): CWebApplication->runController()
#6 C:\xamppnew\htdocs\fb_activities\framework\base\CApplication.php(184): CWebApplication->processRequest()
#7 C:\xamppnew\htdocs\fb_activities\index.php(11): CWebApplication->run()
REQUEST_URI=/fb_activities/pageactivities/exptlikes/page_id/143718759008710
2015/08/14 16:56:34 [error] [php] Invalid argument supplied for foreach() (C:\xamppnew\htdocs\fb_activities\protected\controllers\PageactivitiesController.php:79)
Stack trace:
#0 C:\xamppnew\htdocs\fb_activities\framework\web\actions\CInlineAction.php(47): CInlineAction->runWithParamsInternal()
#1 C:\xamppnew\htdocs\fb_activities\framework\web\CController.php(308): CInlineAction->runWithParams()
#2 C:\xamppnew\htdocs\fb_activities\framework\web\CController.php(286): PageactivitiesController->runAction()
#3 C:\xamppnew\htdocs\fb_activities\framework\web\CController.php(265): PageactivitiesController->runActionWithFilters()
#4 C:\xamppnew\htdocs\fb_activities\framework\web\CWebApplication.php(282): PageactivitiesController->run()
#5 C:\xamppnew\htdocs\fb_activities\framework\web\CWebApplication.php(141): CWebApplication->runController()
#6 C:\xamppnew\htdocs\fb_activities\framework\base\CApplication.php(184): CWebApplication->processRequest()
#7 C:\xamppnew\htdocs\fb_activities\index.php(11): CWebApplication->run()
REQUEST_URI=/fb_activities/pageactivities/exptlikes/page_id/143718759008710
2015/08/14 16:57:29 [error] [php] Array to string conversion (C:\xamppnew\htdocs\fb_activities\protected\views\pageactivities\feed_display.php:37)
Stack trace:
#0 C:\xamppnew\htdocs\fb_activities\framework\web\CController.php(869): PageactivitiesController->renderFile()
#1 C:\xamppnew\htdocs\fb_activities\framework\web\CController.php(782): PageactivitiesController->renderPartial()
#2 C:\xamppnew\htdocs\fb_activities\protected\controllers\PageactivitiesController.php(129): PageactivitiesController->render()
#3 C:\xamppnew\htdocs\fb_activities\framework\web\actions\CInlineAction.php(49): PageactivitiesController->actionProcessPost()
#4 C:\xamppnew\htdocs\fb_activities\framework\web\CController.php(308): CInlineAction->runWithParams()
#5 C:\xamppnew\htdocs\fb_activities\framework\web\CController.php(286): PageactivitiesController->runAction()
#6 C:\xamppnew\htdocs\fb_activities\framework\web\CController.php(265): PageactivitiesController->runActionWithFilters()
#7 C:\xamppnew\htdocs\fb_activities\framework\web\CWebApplication.php(282): PageactivitiesController->run()
#8 C:\xamppnew\htdocs\fb_activities\framework\web\CWebApplication.php(141): CWebApplication->runController()
#9 C:\xamppnew\htdocs\fb_activities\framework\base\CApplication.php(184): CWebApplication->processRequest()
#10 C:\xamppnew\htdocs\fb_activities\index.php(11): CWebApplication->run()
REQUEST_URI=/fb_activities/pageactivities/processpost
2015/08/14 16:58:06 [error] [php] Array to string conversion (C:\xamppnew\htdocs\fb_activities\protected\views\pageactivities\feed_display.php:37)
Stack trace:
#0 C:\xamppnew\htdocs\fb_activities\framework\web\CController.php(869): PageactivitiesController->renderFile()
#1 C:\xamppnew\htdocs\fb_activities\framework\web\CController.php(782): PageactivitiesController->renderPartial()
#2 C:\xamppnew\htdocs\fb_activities\protected\controllers\PageactivitiesController.php(129): PageactivitiesController->render()
#3 C:\xamppnew\htdocs\fb_activities\framework\web\actions\CInlineAction.php(49): PageactivitiesController->actionProcessPost()
#4 C:\xamppnew\htdocs\fb_activities\framework\web\CController.php(308): CInlineAction->runWithParams()
#5 C:\xamppnew\htdocs\fb_activities\framework\web\CController.php(286): PageactivitiesController->runAction()
#6 C:\xamppnew\htdocs\fb_activities\framework\web\CController.php(265): PageactivitiesController->runActionWithFilters()
#7 C:\xamppnew\htdocs\fb_activities\framework\web\CWebApplication.php(282): PageactivitiesController->run()
#8 C:\xamppnew\htdocs\fb_activities\framework\web\CWebApplication.php(141): CWebApplication->runController()
#9 C:\xamppnew\htdocs\fb_activities\framework\base\CApplication.php(184): CWebApplication->processRequest()
#10 C:\xamppnew\htdocs\fb_activities\index.php(11): CWebApplication->run()
REQUEST_URI=/fb_activities/pageactivities/processpost
2015/08/14 16:58:24 [error] [php] Array to string conversion (C:\xamppnew\htdocs\fb_activities\protected\views\pageactivities\feed_display.php:37)
Stack trace:
#0 C:\xamppnew\htdocs\fb_activities\framework\web\CController.php(869): PageactivitiesController->renderFile()
#1 C:\xamppnew\htdocs\fb_activities\framework\web\CController.php(782): PageactivitiesController->renderPartial()
#2 C:\xamppnew\htdocs\fb_activities\protected\controllers\PageactivitiesController.php(129): PageactivitiesController->render()
#3 C:\xamppnew\htdocs\fb_activities\framework\web\actions\CInlineAction.php(49): PageactivitiesController->actionProcessPost()
#4 C:\xamppnew\htdocs\fb_activities\framework\web\CController.php(308): CInlineAction->runWithParams()
#5 C:\xamppnew\htdocs\fb_activities\framework\web\CController.php(286): PageactivitiesController->runAction()
#6 C:\xamppnew\htdocs\fb_activities\framework\web\CController.php(265): PageactivitiesController->runActionWithFilters()
#7 C:\xamppnew\htdocs\fb_activities\framework\web\CWebApplication.php(282): PageactivitiesController->run()
#8 C:\xamppnew\htdocs\fb_activities\framework\web\CWebApplication.php(141): CWebApplication->runController()
#9 C:\xamppnew\htdocs\fb_activities\framework\base\CApplication.php(184): CWebApplication->processRequest()
#10 C:\xamppnew\htdocs\fb_activities\index.php(11): CWebApplication->run()
REQUEST_URI=/fb_activities/pageactivities/processpost
2015/08/14 17:02:24 [error] [php] Undefined variable: filename (C:\xamppnew\htdocs\fb_activities\protected\controllers\PageactivitiesController.php:43)
Stack trace:
#0 C:\xamppnew\htdocs\fb_activities\framework\web\actions\CInlineAction.php(47): CInlineAction->runWithParamsInternal()
#1 C:\xamppnew\htdocs\fb_activities\framework\web\CController.php(308): CInlineAction->runWithParams()
#2 C:\xamppnew\htdocs\fb_activities\framework\web\CController.php(286): PageactivitiesController->runAction()
#3 C:\xamppnew\htdocs\fb_activities\framework\web\CController.php(265): PageactivitiesController->runActionWithFilters()
#4 C:\xamppnew\htdocs\fb_activities\framework\web\CWebApplication.php(282): PageactivitiesController->run()
#5 C:\xamppnew\htdocs\fb_activities\framework\web\CWebApplication.php(141): CWebApplication->runController()
#6 C:\xamppnew\htdocs\fb_activities\framework\base\CApplication.php(184): CWebApplication->processRequest()
#7 C:\xamppnew\htdocs\fb_activities\index.php(11): CWebApplication->run()
REQUEST_URI=/fb_activities/pageactivities/exptfeed/page_id/143718759008710
2015/08/14 17:03:34 [error] [php] Undefined variable: filename (C:\xamppnew\htdocs\fb_activities\protected\controllers\PageactivitiesController.php:43)
Stack trace:
#0 C:\xamppnew\htdocs\fb_activities\framework\web\actions\CInlineAction.php(47): CInlineAction->runWithParamsInternal()
#1 C:\xamppnew\htdocs\fb_activities\framework\web\CController.php(308): CInlineAction->runWithParams()
#2 C:\xamppnew\htdocs\fb_activities\framework\web\CController.php(286): PageactivitiesController->runAction()
#3 C:\xamppnew\htdocs\fb_activities\framework\web\CController.php(265): PageactivitiesController->runActionWithFilters()
#4 C:\xamppnew\htdocs\fb_activities\framework\web\CWebApplication.php(282): PageactivitiesController->run()
#5 C:\xamppnew\htdocs\fb_activities\framework\web\CWebApplication.php(141): CWebApplication->runController()
#6 C:\xamppnew\htdocs\fb_activities\framework\base\CApplication.php(184): CWebApplication->processRequest()
#7 C:\xamppnew\htdocs\fb_activities\index.php(11): CWebApplication->run()
REQUEST_URI=/fb_activities/pageactivities/exptfeed/page_id/143718759008710
2015/08/14 17:05:56 [error] [php] Undefined variable: filename (C:\xamppnew\htdocs\fb_activities\protected\controllers\PageactivitiesController.php:54)
Stack trace:
#0 C:\xamppnew\htdocs\fb_activities\framework\web\actions\CInlineAction.php(47): CInlineAction->runWithParamsInternal()
#1 C:\xamppnew\htdocs\fb_activities\framework\web\CController.php(308): CInlineAction->runWithParams()
#2 C:\xamppnew\htdocs\fb_activities\framework\web\CController.php(286): PageactivitiesController->runAction()
#3 C:\xamppnew\htdocs\fb_activities\framework\web\CController.php(265): PageactivitiesController->runActionWithFilters()
#4 C:\xamppnew\htdocs\fb_activities\framework\web\CWebApplication.php(282): PageactivitiesController->run()
#5 C:\xamppnew\htdocs\fb_activities\framework\web\CWebApplication.php(141): CWebApplication->runController()
#6 C:\xamppnew\htdocs\fb_activities\framework\base\CApplication.php(184): CWebApplication->processRequest()
#7 C:\xamppnew\htdocs\fb_activities\index.php(11): CWebApplication->run()
REQUEST_URI=/fb_activities/pageactivities/exptfeed/page_id/143718759008710
2015/08/14 17:13:33 [error] [php] Undefined variable: fileName (C:\xamppnew\htdocs\fb_activities\protected\controllers\PageactivitiesController.php:54)
Stack trace:
#0 C:\xamppnew\htdocs\fb_activities\framework\web\actions\CInlineAction.php(47): CInlineAction->runWithParamsInternal()
#1 C:\xamppnew\htdocs\fb_activities\framework\web\CController.php(308): CInlineAction->runWithParams()
#2 C:\xamppnew\htdocs\fb_activities\framework\web\CController.php(286): PageactivitiesController->runAction()
#3 C:\xamppnew\htdocs\fb_activities\framework\web\CController.php(265): PageactivitiesController->runActionWithFilters()
#4 C:\xamppnew\htdocs\fb_activities\framework\web\CWebApplication.php(282): PageactivitiesController->run()
#5 C:\xamppnew\htdocs\fb_activities\framework\web\CWebApplication.php(141): CWebApplication->runController()
#6 C:\xamppnew\htdocs\fb_activities\framework\base\CApplication.php(184): CWebApplication->processRequest()
#7 C:\xamppnew\htdocs\fb_activities\index.php(11): CWebApplication->run()
REQUEST_URI=/fb_activities/pageactivities/exptfeed/page_id/143718759008710
2015/08/14 17:13:51 [error] [php] Undefined variable: fileName (C:\xamppnew\htdocs\fb_activities\protected\controllers\PageactivitiesController.php:54)
Stack trace:
#0 C:\xamppnew\htdocs\fb_activities\framework\web\actions\CInlineAction.php(47): CInlineAction->runWithParamsInternal()
#1 C:\xamppnew\htdocs\fb_activities\framework\web\CController.php(308): CInlineAction->runWithParams()
#2 C:\xamppnew\htdocs\fb_activities\framework\web\CController.php(286): PageactivitiesController->runAction()
#3 C:\xamppnew\htdocs\fb_activities\framework\web\CController.php(265): PageactivitiesController->runActionWithFilters()
#4 C:\xamppnew\htdocs\fb_activities\framework\web\CWebApplication.php(282): PageactivitiesController->run()
#5 C:\xamppnew\htdocs\fb_activities\framework\web\CWebApplication.php(141): CWebApplication->runController()
#6 C:\xamppnew\htdocs\fb_activities\framework\base\CApplication.php(184): CWebApplication->processRequest()
#7 C:\xamppnew\htdocs\fb_activities\index.php(11): CWebApplication->run()
REQUEST_URI=/fb_activities/pageactivities/exptfeed/page_id/143718759008710
2015/08/14 17:14:25 [error] [php] Undefined variable: fileName (C:\xamppnew\htdocs\fb_activities\protected\controllers\PageactivitiesController.php:54)
Stack trace:
#0 C:\xamppnew\htdocs\fb_activities\framework\web\actions\CInlineAction.php(47): CInlineAction->runWithParamsInternal()
#1 C:\xamppnew\htdocs\fb_activities\framework\web\CController.php(308): CInlineAction->runWithParams()
#2 C:\xamppnew\htdocs\fb_activities\framework\web\CController.php(286): PageactivitiesController->runAction()
#3 C:\xamppnew\htdocs\fb_activities\framework\web\CController.php(265): PageactivitiesController->runActionWithFilters()
#4 C:\xamppnew\htdocs\fb_activities\framework\web\CWebApplication.php(282): PageactivitiesController->run()
#5 C:\xamppnew\htdocs\fb_activities\framework\web\CWebApplication.php(141): CWebApplication->runController()
#6 C:\xamppnew\htdocs\fb_activities\framework\base\CApplication.php(184): CWebApplication->processRequest()
#7 C:\xamppnew\htdocs\fb_activities\index.php(11): CWebApplication->run()
REQUEST_URI=/fb_activities/pageactivities/exptfeed/page_id/143718759008710
2015/08/14 17:17:23 [error] [php] Undefined variable: fileName (C:\xamppnew\htdocs\fb_activities\protected\controllers\PageactivitiesController.php:54)
Stack trace:
#0 C:\xamppnew\htdocs\fb_activities\framework\web\actions\CInlineAction.php(47): CInlineAction->runWithParamsInternal()
#1 C:\xamppnew\htdocs\fb_activities\framework\web\CController.php(308): CInlineAction->runWithParams()
#2 C:\xamppnew\htdocs\fb_activities\framework\web\CController.php(286): PageactivitiesController->runAction()
#3 C:\xamppnew\htdocs\fb_activities\framework\web\CController.php(265): PageactivitiesController->runActionWithFilters()
#4 C:\xamppnew\htdocs\fb_activities\framework\web\CWebApplication.php(282): PageactivitiesController->run()
#5 C:\xamppnew\htdocs\fb_activities\framework\web\CWebApplication.php(141): CWebApplication->runController()
#6 C:\xamppnew\htdocs\fb_activities\framework\base\CApplication.php(184): CWebApplication->processRequest()
#7 C:\xamppnew\htdocs\fb_activities\index.php(11): CWebApplication->run()
REQUEST_URI=/fb_activities/pageactivities/exptfeed/page_id/143718759008710
2015/08/14 17:17:51 [error] [php] Undefined variable: fileName (C:\xamppnew\htdocs\fb_activities\protected\controllers\PageactivitiesController.php:54)
Stack trace:
#0 C:\xamppnew\htdocs\fb_activities\framework\web\actions\CInlineAction.php(47): CInlineAction->runWithParamsInternal()
#1 C:\xamppnew\htdocs\fb_activities\framework\web\CController.php(308): CInlineAction->runWithParams()
#2 C:\xamppnew\htdocs\fb_activities\framework\web\CController.php(286): PageactivitiesController->runAction()
#3 C:\xamppnew\htdocs\fb_activities\framework\web\CController.php(265): PageactivitiesController->runActionWithFilters()
#4 C:\xamppnew\htdocs\fb_activities\framework\web\CWebApplication.php(282): PageactivitiesController->run()
#5 C:\xamppnew\htdocs\fb_activities\framework\web\CWebApplication.php(141): CWebApplication->runController()
#6 C:\xamppnew\htdocs\fb_activities\framework\base\CApplication.php(184): CWebApplication->processRequest()
#7 C:\xamppnew\htdocs\fb_activities\index.php(11): CWebApplication->run()
REQUEST_URI=/fb_activities/pageactivities/exptfeed/page_id/143718759008710
2015/08/14 17:18:44 [error] [php] Undefined variable: fileName (C:\xamppnew\htdocs\fb_activities\protected\controllers\PageactivitiesController.php:54)
Stack trace:
#0 C:\xamppnew\htdocs\fb_activities\framework\web\actions\CInlineAction.php(47): CInlineAction->runWithParamsInternal()
#1 C:\xamppnew\htdocs\fb_activities\framework\web\CController.php(308): CInlineAction->runWithParams()
#2 C:\xamppnew\htdocs\fb_activities\framework\web\CController.php(286): PageactivitiesController->runAction()
#3 C:\xamppnew\htdocs\fb_activities\framework\web\CController.php(265): PageactivitiesController->runActionWithFilters()
#4 C:\xamppnew\htdocs\fb_activities\framework\web\CWebApplication.php(282): PageactivitiesController->run()
#5 C:\xamppnew\htdocs\fb_activities\framework\web\CWebApplication.php(141): CWebApplication->runController()
#6 C:\xamppnew\htdocs\fb_activities\framework\base\CApplication.php(184): CWebApplication->processRequest()
#7 C:\xamppnew\htdocs\fb_activities\index.php(11): CWebApplication->run()
REQUEST_URI=/fb_activities/pageactivities/exptfeed/page_id/143718759008710
2015/08/14 17:19:26 [error] [php] Undefined variable: fileName (C:\xamppnew\htdocs\fb_activities\protected\controllers\PageactivitiesController.php:54)
Stack trace:
#0 C:\xamppnew\htdocs\fb_activities\framework\web\actions\CInlineAction.php(47): CInlineAction->runWithParamsInternal()
#1 C:\xamppnew\htdocs\fb_activities\framework\web\CController.php(308): CInlineAction->runWithParams()
#2 C:\xamppnew\htdocs\fb_activities\framework\web\CController.php(286): PageactivitiesController->runAction()
#3 C:\xamppnew\htdocs\fb_activities\framework\web\CController.php(265): PageactivitiesController->runActionWithFilters()
#4 C:\xamppnew\htdocs\fb_activities\framework\web\CWebApplication.php(282): PageactivitiesController->run()
#5 C:\xamppnew\htdocs\fb_activities\framework\web\CWebApplication.php(141): CWebApplication->runController()
#6 C:\xamppnew\htdocs\fb_activities\framework\base\CApplication.php(184): CWebApplication->processRequest()
#7 C:\xamppnew\htdocs\fb_activities\index.php(11): CWebApplication->run()
REQUEST_URI=/fb_activities/pageactivities/exptfeed/page_id/143718759008710
2015/08/14 17:22:16 [error] [php] Array to string conversion (C:\xamppnew\htdocs\fb_activities\protected\views\pageactivities\feed_display.php:37)
Stack trace:
#0 C:\xamppnew\htdocs\fb_activities\framework\web\CController.php(869): PageactivitiesController->renderFile()
#1 C:\xamppnew\htdocs\fb_activities\framework\web\CController.php(782): PageactivitiesController->renderPartial()
#2 C:\xamppnew\htdocs\fb_activities\protected\controllers\PageactivitiesController.php(139): PageactivitiesController->render()
#3 C:\xamppnew\htdocs\fb_activities\framework\web\actions\CInlineAction.php(49): PageactivitiesController->actionProcessPost()
#4 C:\xamppnew\htdocs\fb_activities\framework\web\CController.php(308): CInlineAction->runWithParams()
#5 C:\xamppnew\htdocs\fb_activities\framework\web\CController.php(286): PageactivitiesController->runAction()
#6 C:\xamppnew\htdocs\fb_activities\framework\web\CController.php(265): PageactivitiesController->runActionWithFilters()
#7 C:\xamppnew\htdocs\fb_activities\framework\web\CWebApplication.php(282): PageactivitiesController->run()
#8 C:\xamppnew\htdocs\fb_activities\framework\web\CWebApplication.php(141): CWebApplication->runController()
#9 C:\xamppnew\htdocs\fb_activities\framework\base\CApplication.php(184): CWebApplication->processRequest()
#10 C:\xamppnew\htdocs\fb_activities\index.php(11): CWebApplication->run()
REQUEST_URI=/fb_activities/pageactivities/processpost
2015/08/14 17:23:17 [error] [php] Array to string conversion (C:\xamppnew\htdocs\fb_activities\protected\views\pageactivities\feed_display.php:37)
Stack trace:
#0 C:\xamppnew\htdocs\fb_activities\framework\web\CController.php(869): PageactivitiesController->renderFile()
#1 C:\xamppnew\htdocs\fb_activities\framework\web\CController.php(782): PageactivitiesController->renderPartial()
#2 C:\xamppnew\htdocs\fb_activities\protected\controllers\PageactivitiesController.php(139): PageactivitiesController->render()
#3 C:\xamppnew\htdocs\fb_activities\framework\web\actions\CInlineAction.php(49): PageactivitiesController->actionProcessPost()
#4 C:\xamppnew\htdocs\fb_activities\framework\web\CController.php(308): CInlineAction->runWithParams()
#5 C:\xamppnew\htdocs\fb_activities\framework\web\CController.php(286): PageactivitiesController->runAction()
#6 C:\xamppnew\htdocs\fb_activities\framework\web\CController.php(265): PageactivitiesController->runActionWithFilters()
#7 C:\xamppnew\htdocs\fb_activities\framework\web\CWebApplication.php(282): PageactivitiesController->run()
#8 C:\xamppnew\htdocs\fb_activities\framework\web\CWebApplication.php(141): CWebApplication->runController()
#9 C:\xamppnew\htdocs\fb_activities\framework\base\CApplication.php(184): CWebApplication->processRequest()
#10 C:\xamppnew\htdocs\fb_activities\index.php(11): CWebApplication->run()
REQUEST_URI=/fb_activities/pageactivities/processpost
2015/08/14 17:26:52 [error] [php] Array to string conversion (C:\xamppnew\htdocs\fb_activities\protected\views\pageactivities\feed_display.php:38)
Stack trace:
#0 C:\xamppnew\htdocs\fb_activities\framework\web\CController.php(869): PageactivitiesController->renderFile()
#1 C:\xamppnew\htdocs\fb_activities\framework\web\CController.php(782): PageactivitiesController->renderPartial()
#2 C:\xamppnew\htdocs\fb_activities\protected\controllers\PageactivitiesController.php(139): PageactivitiesController->render()
#3 C:\xamppnew\htdocs\fb_activities\framework\web\actions\CInlineAction.php(49): PageactivitiesController->actionProcessPost()
#4 C:\xamppnew\htdocs\fb_activities\framework\web\CController.php(308): CInlineAction->runWithParams()
#5 C:\xamppnew\htdocs\fb_activities\framework\web\CController.php(286): PageactivitiesController->runAction()
#6 C:\xamppnew\htdocs\fb_activities\framework\web\CController.php(265): PageactivitiesController->runActionWithFilters()
#7 C:\xamppnew\htdocs\fb_activities\framework\web\CWebApplication.php(282): PageactivitiesController->run()
#8 C:\xamppnew\htdocs\fb_activities\framework\web\CWebApplication.php(141): CWebApplication->runController()
#9 C:\xamppnew\htdocs\fb_activities\framework\base\CApplication.php(184): CWebApplication->processRequest()
#10 C:\xamppnew\htdocs\fb_activities\index.php(11): CWebApplication->run()
REQUEST_URI=/fb_activities/pageactivities/processpost
2015/08/14 17:27:39 [error] [php] Array to string conversion (C:\xamppnew\htdocs\fb_activities\protected\views\pageactivities\feed_display.php:39)
Stack trace:
#0 C:\xamppnew\htdocs\fb_activities\framework\web\CController.php(869): PageactivitiesController->renderFile()
#1 C:\xamppnew\htdocs\fb_activities\framework\web\CController.php(782): PageactivitiesController->renderPartial()
#2 C:\xamppnew\htdocs\fb_activities\protected\controllers\PageactivitiesController.php(139): PageactivitiesController->render()
#3 C:\xamppnew\htdocs\fb_activities\framework\web\actions\CInlineAction.php(49): PageactivitiesController->actionProcessPost()
#4 C:\xamppnew\htdocs\fb_activities\framework\web\CController.php(308): CInlineAction->runWithParams()
#5 C:\xamppnew\htdocs\fb_activities\framework\web\CController.php(286): PageactivitiesController->runAction()
#6 C:\xamppnew\htdocs\fb_activities\framework\web\CController.php(265): PageactivitiesController->runActionWithFilters()
#7 C:\xamppnew\htdocs\fb_activities\framework\web\CWebApplication.php(282): PageactivitiesController->run()
#8 C:\xamppnew\htdocs\fb_activities\framework\web\CWebApplication.php(141): CWebApplication->runController()
#9 C:\xamppnew\htdocs\fb_activities\framework\base\CApplication.php(184): CWebApplication->processRequest()
#10 C:\xamppnew\htdocs\fb_activities\index.php(11): CWebApplication->run()
REQUEST_URI=/fb_activities/pageactivities/processpost
2015/08/14 17:28:30 [error] [php] Array to string conversion (C:\xamppnew\htdocs\fb_activities\protected\views\pageactivities\feed_display.php:39)
Stack trace:
#0 C:\xamppnew\htdocs\fb_activities\framework\web\CController.php(869): PageactivitiesController->renderFile()
#1 C:\xamppnew\htdocs\fb_activities\framework\web\CController.php(782): PageactivitiesController->renderPartial()
#2 C:\xamppnew\htdocs\fb_activities\protected\controllers\PageactivitiesController.php(139): PageactivitiesController->render()
#3 C:\xamppnew\htdocs\fb_activities\framework\web\actions\CInlineAction.php(49): PageactivitiesController->actionProcessPost()
#4 C:\xamppnew\htdocs\fb_activities\framework\web\CController.php(308): CInlineAction->runWithParams()
#5 C:\xamppnew\htdocs\fb_activities\framework\web\CController.php(286): PageactivitiesController->runAction()
#6 C:\xamppnew\htdocs\fb_activities\framework\web\CController.php(265): PageactivitiesController->runActionWithFilters()
#7 C:\xamppnew\htdocs\fb_activities\framework\web\CWebApplication.php(282): PageactivitiesController->run()
#8 C:\xamppnew\htdocs\fb_activities\framework\web\CWebApplication.php(141): CWebApplication->runController()
#9 C:\xamppnew\htdocs\fb_activities\framework\base\CApplication.php(184): CWebApplication->processRequest()
#10 C:\xamppnew\htdocs\fb_activities\index.php(11): CWebApplication->run()
REQUEST_URI=/fb_activities/pageactivities/processpost
2015/08/14 17:28:53 [error] [php] Array to string conversion (C:\xamppnew\htdocs\fb_activities\protected\views\pageactivities\feed_display.php:39)
Stack trace:
#0 C:\xamppnew\htdocs\fb_activities\framework\web\CController.php(869): PageactivitiesController->renderFile()
#1 C:\xamppnew\htdocs\fb_activities\framework\web\CController.php(782): PageactivitiesController->renderPartial()
#2 C:\xamppnew\htdocs\fb_activities\protected\controllers\PageactivitiesController.php(139): PageactivitiesController->render()
#3 C:\xamppnew\htdocs\fb_activities\framework\web\actions\CInlineAction.php(49): PageactivitiesController->actionProcessPost()
#4 C:\xamppnew\htdocs\fb_activities\framework\web\CController.php(308): CInlineAction->runWithParams()
#5 C:\xamppnew\htdocs\fb_activities\framework\web\CController.php(286): PageactivitiesController->runAction()
#6 C:\xamppnew\htdocs\fb_activities\framework\web\CController.php(265): PageactivitiesController->runActionWithFilters()
#7 C:\xamppnew\htdocs\fb_activities\framework\web\CWebApplication.php(282): PageactivitiesController->run()
#8 C:\xamppnew\htdocs\fb_activities\framework\web\CWebApplication.php(141): CWebApplication->runController()
#9 C:\xamppnew\htdocs\fb_activities\framework\base\CApplication.php(184): CWebApplication->processRequest()
#10 C:\xamppnew\htdocs\fb_activities\index.php(11): CWebApplication->run()
REQUEST_URI=/fb_activities/pageactivities/processpost
2015/08/14 17:32:52 [error] [php] Array to string conversion (C:\xamppnew\htdocs\fb_activities\protected\views\pageactivities\feed_display.php:37)
Stack trace:
#0 C:\xamppnew\htdocs\fb_activities\framework\web\CController.php(869): PageactivitiesController->renderFile()
#1 C:\xamppnew\htdocs\fb_activities\framework\web\CController.php(782): PageactivitiesController->renderPartial()
#2 C:\xamppnew\htdocs\fb_activities\protected\controllers\PageactivitiesController.php(139): PageactivitiesController->render()
#3 C:\xamppnew\htdocs\fb_activities\framework\web\actions\CInlineAction.php(49): PageactivitiesController->actionProcessPost()
#4 C:\xamppnew\htdocs\fb_activities\framework\web\CController.php(308): CInlineAction->runWithParams()
#5 C:\xamppnew\htdocs\fb_activities\framework\web\CController.php(286): PageactivitiesController->runAction()
#6 C:\xamppnew\htdocs\fb_activities\framework\web\CController.php(265): PageactivitiesController->runActionWithFilters()
#7 C:\xamppnew\htdocs\fb_activities\framework\web\CWebApplication.php(282): PageactivitiesController->run()
#8 C:\xamppnew\htdocs\fb_activities\framework\web\CWebApplication.php(141): CWebApplication->runController()
#9 C:\xamppnew\htdocs\fb_activities\framework\base\CApplication.php(184): CWebApplication->processRequest()
#10 C:\xamppnew\htdocs\fb_activities\index.php(11): CWebApplication->run()
REQUEST_URI=/fb_activities/pageactivities/processpost
2015/08/14 17:40:59 [error] [php] Array to string conversion (C:\xamppnew\htdocs\fb_activities\protected\views\pageactivities\feed_display.php:37)
Stack trace:
#0 C:\xamppnew\htdocs\fb_activities\framework\web\CController.php(869): PageactivitiesController->renderFile()
#1 C:\xamppnew\htdocs\fb_activities\framework\web\CController.php(782): PageactivitiesController->renderPartial()
#2 C:\xamppnew\htdocs\fb_activities\protected\controllers\PageactivitiesController.php(139): PageactivitiesController->render()
#3 C:\xamppnew\htdocs\fb_activities\framework\web\actions\CInlineAction.php(49): PageactivitiesController->actionProcessPost()
#4 C:\xamppnew\htdocs\fb_activities\framework\web\CController.php(308): CInlineAction->runWithParams()
#5 C:\xamppnew\htdocs\fb_activities\framework\web\CController.php(286): PageactivitiesController->runAction()
#6 C:\xamppnew\htdocs\fb_activities\framework\web\CController.php(265): PageactivitiesController->runActionWithFilters()
#7 C:\xamppnew\htdocs\fb_activities\framework\web\CWebApplication.php(282): PageactivitiesController->run()
#8 C:\xamppnew\htdocs\fb_activities\framework\web\CWebApplication.php(141): CWebApplication->runController()
#9 C:\xamppnew\htdocs\fb_activities\framework\base\CApplication.php(184): CWebApplication->processRequest()
#10 C:\xamppnew\htdocs\fb_activities\index.php(11): CWebApplication->run()
REQUEST_URI=/fb_activities/pageactivities/processpost
2015/08/14 18:15:18 [error] [exception.CDbException] SQLSTATE[42000] [1049] Unknown database 'fb_pageactivities'
2015/08/14 18:15:18 [error] [exception.CDbException] exception 'CDbException' with message 'CDbConnection failed to open the DB connection.' in /Applications/MAMP/htdocs/fb_activities/framework/db/CDbConnection.php:405
Stack trace:
#0 /Applications/MAMP/htdocs/fb_activities/framework/db/CDbConnection.php(347): CDbConnection->open()
#1 /Applications/MAMP/htdocs/fb_activities/framework/db/CDbConnection.php(325): CDbConnection->setActive(true)
#2 /Applications/MAMP/htdocs/fb_activities/framework/base/CModule.php(394): CDbConnection->init()
#3 /Applications/MAMP/htdocs/fb_activities/framework/base/CApplication.php(458): CModule->getComponent('db')
#4 /Applications/MAMP/htdocs/fb_activities/framework/db/ar/CActiveRecord.php(637): CApplication->getDb()
#5 /Applications/MAMP/htdocs/fb_activities/framework/db/ar/CActiveRecord.php(670): CActiveRecord->getDbConnection()
#6 /Applications/MAMP/htdocs/fb_activities/framework/db/ar/CActiveRecord.php(1460): CActiveRecord->getCommandBuilder()
#7 /Applications/MAMP/htdocs/fb_activities/protected/models/Feed.php(39): CActiveRecord->find(Object(CDbCriteria))
#8 /Applications/MAMP/htdocs/fb_activities/protected/controllers/PageactivitiesController.php(162): Feed->findByPostId('143718759008710...')
#9 /Applications/MAMP/htdocs/fb_activities/protected/controllers/PageactivitiesController.php(119): PageactivitiesController->saveFeed('143718759008710', Array)
#10 /Applications/MAMP/htdocs/fb_activities/framework/web/actions/CInlineAction.php(49): PageactivitiesController->actionProcessPost()
#11 /Applications/MAMP/htdocs/fb_activities/framework/web/CController.php(308): CInlineAction->runWithParams(Array)
#12 /Applications/MAMP/htdocs/fb_activities/framework/web/CController.php(286): CController->runAction(Object(CInlineAction))
#13 /Applications/MAMP/htdocs/fb_activities/framework/web/CController.php(265): CController->runActionWithFilters(Object(CInlineAction), Array)
#14 /Applications/MAMP/htdocs/fb_activities/framework/web/CWebApplication.php(282): CController->run('processpost')
#15 /Applications/MAMP/htdocs/fb_activities/framework/web/CWebApplication.php(141): CWebApplication->runController('pageactivities/...')
#16 /Applications/MAMP/htdocs/fb_activities/framework/base/CApplication.php(184): CWebApplication->processRequest()
#17 /Applications/MAMP/htdocs/fb_activities/index.php(11): CApplication->run()
#18 {main}
REQUEST_URI=/fb_activities/pageactivities/processpost
HTTP_REFERER=http://localhost/fb_activities/
---
2015/08/14 18:15:37 [error] [exception.CDbException] SQLSTATE[28000] [1045] Access denied for user 'root'@'localhost' (using password: NO)
2015/08/14 18:15:37 [error] [exception.CDbException] exception 'CDbException' with message 'CDbConnection failed to open the DB connection.' in /Applications/MAMP/htdocs/fb_activities/framework/db/CDbConnection.php:405
Stack trace:
#0 /Applications/MAMP/htdocs/fb_activities/framework/db/CDbConnection.php(347): CDbConnection->open()
#1 /Applications/MAMP/htdocs/fb_activities/framework/db/CDbConnection.php(325): CDbConnection->setActive(true)
#2 /Applications/MAMP/htdocs/fb_activities/framework/base/CModule.php(394): CDbConnection->init()
#3 /Applications/MAMP/htdocs/fb_activities/framework/base/CApplication.php(458): CModule->getComponent('db')
#4 /Applications/MAMP/htdocs/fb_activities/framework/db/ar/CActiveRecord.php(637): CApplication->getDb()
#5 /Applications/MAMP/htdocs/fb_activities/framework/db/ar/CActiveRecord.php(670): CActiveRecord->getDbConnection()
#6 /Applications/MAMP/htdocs/fb_activities/framework/db/ar/CActiveRecord.php(1460): CActiveRecord->getCommandBuilder()
#7 /Applications/MAMP/htdocs/fb_activities/protected/models/Feed.php(39): CActiveRecord->find(Object(CDbCriteria))
#8 /Applications/MAMP/htdocs/fb_activities/protected/controllers/PageactivitiesController.php(162): Feed->findByPostId('143718759008710...')
#9 /Applications/MAMP/htdocs/fb_activities/protected/controllers/PageactivitiesController.php(119): PageactivitiesController->saveFeed('143718759008710', Array)
#10 /Applications/MAMP/htdocs/fb_activities/framework/web/actions/CInlineAction.php(49): PageactivitiesController->actionProcessPost()
#11 /Applications/MAMP/htdocs/fb_activities/framework/web/CController.php(308): CInlineAction->runWithParams(Array)
#12 /Applications/MAMP/htdocs/fb_activities/framework/web/CController.php(286): CController->runAction(Object(CInlineAction))
#13 /Applications/MAMP/htdocs/fb_activities/framework/web/CController.php(265): CController->runActionWithFilters(Object(CInlineAction), Array)
#14 /Applications/MAMP/htdocs/fb_activities/framework/web/CWebApplication.php(282): CController->run('processpost')
#15 /Applications/MAMP/htdocs/fb_activities/framework/web/CWebApplication.php(141): CWebApplication->runController('pageactivities/...')
#16 /Applications/MAMP/htdocs/fb_activities/framework/base/CApplication.php(184): CWebApplication->processRequest()
#17 /Applications/MAMP/htdocs/fb_activities/index.php(11): CApplication->run()
#18 {main}
REQUEST_URI=/fb_activities/pageactivities/processpost
HTTP_REFERER=http://localhost/fb_activities/
---
